<?xml version="1.0" encoding="UTF-8"?>
<testng-results ignored="0" total="2" passed="2" failed="0" skipped="0">
  <reporter-output>
  </reporter-output>
  <suite started-at="2023-10-26T01:00:43 CDT" name="Default suite" finished-at="2023-10-26T01:01:10 CDT" duration-ms="26954">
    <groups>
    </groups>
    <test started-at="2023-10-26T01:00:43 CDT" name="Default test" finished-at="2023-10-26T01:01:10 CDT" duration-ms="26954">
      <class name="mvnProjerct.GitTest">
        <test-method is-config="true" signature="getConfig()[pri:0, instance:mvnProjerct.GitTest@3f6b0be5]" started-at="2023-10-26T01:00:43 CDT" name="getConfig" finished-at="2023-10-26T01:00:43 CDT" duration-ms="6" status="PASS">
          <reporter-output>
          </reporter-output>
        </test-method> <!-- getConfig -->
        <test-method is-config="true" signature="init()[pri:0, instance:mvnProjerct.GitTest@3f6b0be5]" started-at="2023-10-26T01:00:43 CDT" name="init" finished-at="2023-10-26T01:00:47 CDT" duration-ms="3430" status="PASS">
          <reporter-output>
          </reporter-output>
        </test-method> <!-- init -->
        <test-method signature="loginTest()[pri:0, instance:mvnProjerct.GitTest@3f6b0be5]" started-at="2023-10-26T01:00:47 CDT" name="loginTest" finished-at="2023-10-26T01:00:49 CDT" duration-ms="2098" status="PASS">
          <reporter-output>
          </reporter-output>
        </test-method> <!-- loginTest -->
        <test-method is-config="true" signature="tearDown()[pri:0, instance:mvnProjerct.GitTest@3f6b0be5]" started-at="2023-10-26T01:00:49 CDT" name="tearDown" finished-at="2023-10-26T01:00:49 CDT" duration-ms="199" status="PASS">
          <reporter-output>
          </reporter-output>
        </test-method> <!-- tearDown -->
        <test-method is-config="true" signature="init()[pri:0, instance:mvnProjerct.GitTest@3f6b0be5]" started-at="2023-10-26T01:00:49 CDT" name="init" finished-at="2023-10-26T01:01:03 CDT" duration-ms="14289" status="PASS">
          <reporter-output>
          </reporter-output>
        </test-method> <!-- init -->
        <test-method signature="negLoginTest()[pri:0, instance:mvnProjerct.GitTest@3f6b0be5]" started-at="2023-10-26T01:01:03 CDT" name="negLoginTest" finished-at="2023-10-26T01:01:10 CDT" duration-ms="6708" status="PASS">
          <reporter-output>
          </reporter-output>
        </test-method> <!-- negLoginTest -->
        <test-method is-config="true" signature="tearDown()[pri:0, instance:mvnProjerct.GitTest@3f6b0be5]" started-at="2023-10-26T01:01:10 CDT" name="tearDown" finished-at="2023-10-26T01:01:10 CDT" duration-ms="195" status="PASS">
          <reporter-output>
          </reporter-output>
        </test-method> <!-- tearDown -->
      </class> <!-- mvnProjerct.GitTest -->
    </test> <!-- Default test -->
  </suite> <!-- Default suite -->
</testng-results>
